<?xml version="1.0" encoding="UTF-8"?>
<!-- Generated by org.testng.reporters.JUnitXMLReporter -->
<testsuite hostname="AMK53S-26" name="Practice Grouping" tests="3" failures="0" timestamp="28 Aug 2014 07:41:09 GMT" time="33.177" errors="0">
  <testcase name="test" time="9.542" classname="automation_Framework.Parameters_Dataprovider"/>
  <testcase name="test" time="14.271" classname="automation_Framework.Parameters_Dataprovider"/>
  <testcase name="test" time="9.344" classname="automation_Framework.Parameters_Dataprovider"/>
</testsuite> <!-- Practice Grouping -->
