<?xml version="1.0" encoding="UTF-8"?>
<!-- Generated by org.testng.reporters.JUnitXMLReporter -->
<testsuite hostname="AMK53S-26" name="Tools QA" tests="3" failures="0" timestamp="28 Aug 2014 09:58:34 GMT" time="24.714" errors="0">
  <testcase name="test" time="1.171" classname="automation_Framework.Parameters_Dataprovider"/>
  <testcase name="test" time="1.157" classname="automation_Framework.Parameters_Dataprovider"/>
  <testcase name="test2" time="1.441" classname="automation_Framework.Parameters_Dataprovider"/>
</testsuite> <!-- Tools QA -->
