<?xml version="1.0" encoding="UTF-8"?>
<!-- Generated by org.testng.reporters.JUnitXMLReporter -->
<testsuite hostname="AMK53S-26" name="Log in function" tests="2" failures="2" timestamp="7 Oct 2014 09:58:03 GMT" time="0.07" errors="0">
  <testcase name="Check_Settings" time="0.037" classname="login.Test1">
    <failure type="java.lang.NullPointerException">
      <![CDATA[java.lang.NullPointerException
	at login.Test1.Check_Settings(Test1.java:77)
... Removed 24 stack frames]]>
    </failure>
  </testcase> <!-- Check_Settings -->
  <testcase name="Test_Valid" time="0.001" classname="login.Test1">
    <failure type="java.lang.NullPointerException">
      <![CDATA[java.lang.NullPointerException
	at login.Test1.Test_Valid(Test1.java:47)
... Removed 24 stack frames]]>
    </failure>
  </testcase> <!-- Test_Valid -->
</testsuite> <!-- Log in function -->
