<?xml version="1.0" encoding="UTF-8"?>
<!-- Generated by org.testng.reporters.JUnitXMLReporter -->
<testsuite hostname="AMK53S-26" name="FirefoxTest" tests="1" failures="0" timestamp="13 Jul 2016 08:31:59 GMT" time="62.623" errors="0">
  <testcase name="@BeforeMethod beforeTest" time="0.0" classname="testNG_Framework.MultiBrowser_ParallelTesting">
    <failure type="org.openqa.selenium.WebDriverException" message="Failed to connect to binary FirefoxBinary(C:\Program Files (x86)\Mozilla Firefox\firefox.exe) on port 7055; process output follows: 
e6fd}&amp;quot;,&amp;quot;syncGUID&amp;quot;:&amp;quot;gjrc5ZfmI4ja&amp;quot;,&amp;quot;location&amp;quot;:&amp;quot;app-global&amp;quot;,&amp;quot;version&amp;quot;:&amp;quot;47.0&amp;quot;,&amp;quot;type&amp;quot;:&amp;quot;theme&amp;quot;,&amp;quot;internalName&amp;quot;:&amp;quot;classic/1.0&amp;quot;,&amp;quot;updateURL&amp;quot;:null,&amp;quot;updateKey&amp;quot;:null,&amp;quot;optionsURL&amp;quot;:null,&amp;quot;optionsType&amp;quot;:null,&amp;quot;aboutURL&amp;quot;:null,&amp;quot;icons&amp;quot;:{&amp;quot;32&amp;quot;:&amp;quot;icon.png&amp;quot;,&amp;quot;48&amp;quot;:&amp;quot;icon.png&amp;quot;},&amp;quot;iconURL&amp;quot;:null,&amp;quot;icon64URL&amp;quot;:null,&amp;quot;defaultLocale&amp;quot;:{&amp;quot;name&amp;quot;:&amp;quot;Default&amp;quot;,&amp;quot;description&amp;quot;:&amp;quot;The default theme.&amp;quot;,&amp;quot;creator&amp;quot;:&amp;quot;Mozilla&amp;quot;,&amp;quot;homepageURL&amp;quot;:null,&amp;quot;contributors&amp;quot;:[&amp;quot;Mozilla Contributors&amp;quot;]},&amp;quot;visible&amp;quot;:true,&amp;quot;active&amp;quot;:true,&amp;quot;userDisabled&amp;quot;:false,&amp;quot;appDisabled&amp;quot;:false,&amp;quot;descriptor&amp;quot;:&amp;quot;C:\\Program Files (x86)\\Mozilla Firefox\\browser\\extensions\\{972ce4c6-7e08-4474-a285-3208198ce6fd}.xpi&amp;quot;,&amp;quot;installDate&amp;quot;:1465532027854,&amp;quot;updateDate&amp;quot;:1465532027854,&amp;quot;applyBackgroundUpdates&amp;quot;:1,&amp;quot;skinnable&amp;quot;:true,&amp;quot;size&amp;quot;:22006,&amp;quot;sourceURI&amp;quot;:null,&amp;quot;releaseNotesURI&amp;quot;:null,&amp;quot;softDisabled&amp;quot;:false,&amp;quot;foreignInstall&amp;quot;:false,&amp;quot;hasBinaryComponents&amp;quot;:false,&amp;quot;strictCompatibility&amp;quot;:true,&amp;quot;locales&amp;quot;:[],&amp;quot;targetApplications&amp;quot;:[{&amp;quot;id&amp;quot;:&amp;quot;{ec8030f7-c20a-464f-9b0e-13a3a9e97384}&amp;quot;,&amp;quot;minVersion&amp;quot;:&amp;quot;47.0&amp;quot;,&amp;quot;maxVersion&amp;quot;:&amp;quot;47.0&amp;quot;}],&amp;quot;targetPlatforms&amp;quot;:[],&amp;quot;seen&amp;quot;:true}
1468398664176	addons.xpi	DEBUG	getModTime: Recursive scan of {972ce4c6-7e08-4474-a285-3208198ce6fd}
1468398664177	DeferredSave.extensions.json	DEBUG	Save changes
1468398664177	addons.xpi	DEBUG	Updating database with changes to installed add-ons
1468398664177	addons.xpi-utils	DEBUG	Updating add-on states
1468398664178	addons.xpi-utils	DEBUG	Writing add-ons list
1468398664180	addons.xpi	DEBUG	Registering manifest for C:\Program Files (x86)\Mozilla Firefox\browser\features\e10srollout@mozilla.org.xpi
1468398664180	addons.xpi	DEBUG	Calling bootstrap method startup on e10srollout@mozilla.org version 1.0
1468398664180	addons.xpi	DEBUG	Registering manifest for C:\Program Files (x86)\Mozilla Firefox\browser\features\firefox@getpocket.com.xpi
1468398664181	addons.xpi	DEBUG	Calling bootstrap method startup on firefox@getpocket.com version 1.0.2
1468398664182	addons.xpi	DEBUG	Registering manifest for C:\Program Files (x86)\Mozilla Firefox\browser\features\loop@mozilla.org.xpi
1468398664183	addons.xpi	DEBUG	Calling bootstrap method startup on loop@mozilla.org version 1.3.2
1468398664204	addons.manager	DEBUG	Registering shutdown blocker for XPIProvider
1468398664205	addons.manager	DEBUG	Provider finished startup: XPIProvider
1468398664205	addons.manager	DEBUG	Starting provider: LightweightThemeManager
1468398664205	addons.manager	DEBUG	Registering shutdown blocker for LightweightThemeManager
1468398664205	addons.manager	DEBUG	Provider finished startup: LightweightThemeManager
1468398664206	addons.manager	DEBUG	Starting provider: GMPProvider
1468398664237	addons.manager	DEBUG	Registering shutdown blocker for GMPProvider
1468398664237	addons.manager	DEBUG	Provider finished startup: GMPProvider
1468398664237	addons.manager	DEBUG	Starting provider: PluginProvider
1468398664237	addons.manager	DEBUG	Registering shutdown blocker for PluginProvider
1468398664238	addons.manager	DEBUG	Provider finished startup: PluginProvider
1468398664238	addons.manager	DEBUG	Completed startup sequence
1468398668007	addons.manager	DEBUG	Starting provider: &amp;lt;unnamed-provider&amp;gt;
1468398668007	addons.manager	DEBUG	Registering shutdown blocker for &amp;lt;unnamed-provider&amp;gt;
1468398668008	addons.manager	DEBUG	Provider finished startup: &amp;lt;unnamed-provider&amp;gt;
1468398668010	DeferredSave.extensions.json	DEBUG	Starting write
1468398676460	addons.repository	DEBUG	No addons.json found.
1468398676461	DeferredSave.addons.json	DEBUG	Save changes
1468398678768	DeferredSave.addons.json	DEBUG	Starting timer
1468398686578	addons.manager	DEBUG	Starting provider: PreviousExperimentProvider
1468398686578	addons.manager	DEBUG	Registering shutdown blocker for PreviousExperimentProvider
1468398686578	addons.manager	DEBUG	Provider finished startup: PreviousExperimentProvider
1468398686600	DeferredSave.addons.json	DEBUG	Starting write
1468398686603	DeferredSave.extensions.json	DEBUG	Write succeeded
1468398686604	addons.xpi-utils	DEBUG	XPI Database saved, setting schema version preference to 17
1468398690899	DeferredSave.addons.json	DEBUG	Write succeeded

Build info: version: &amp;apos;2.47.1&amp;apos;, revision: &amp;apos;411b314&amp;apos;, time: &amp;apos;2015-07-30 02:56:46&amp;apos;
System info: host: &amp;apos;AMK53S-26&amp;apos;, ip: &amp;apos;192.168.4.245&amp;apos;, os.name: &amp;apos;Windows 7&amp;apos;, os.arch: &amp;apos;amd64&amp;apos;, os.version: &amp;apos;6.1&amp;apos;, java.version: &amp;apos;1.8.0_45&amp;apos;
Driver info: driver.version: FirefoxDriver">
      <![CDATA[org.openqa.selenium.WebDriverException: Failed to connect to binary FirefoxBinary(C:\Program Files (x86)\Mozilla Firefox\firefox.exe) on port 7055; process output follows: 
e6fd}","syncGUID":"gjrc5ZfmI4ja","location":"app-global","version":"47.0","type":"theme","internalName":"classic/1.0","updateURL":null,"updateKey":null,"optionsURL":null,"optionsType":null,"aboutURL":null,"icons":{"32":"icon.png","48":"icon.png"},"iconURL":null,"icon64URL":null,"defaultLocale":{"name":"Default","description":"The default theme.","creator":"Mozilla","homepageURL":null,"contributors":["Mozilla Contributors"]},"visible":true,"active":true,"userDisabled":false,"appDisabled":false,"descriptor":"C:\\Program Files (x86)\\Mozilla Firefox\\browser\\extensions\\{972ce4c6-7e08-4474-a285-3208198ce6fd}.xpi","installDate":1465532027854,"updateDate":1465532027854,"applyBackgroundUpdates":1,"skinnable":true,"size":22006,"sourceURI":null,"releaseNotesURI":null,"softDisabled":false,"foreignInstall":false,"hasBinaryComponents":false,"strictCompatibility":true,"locales":[],"targetApplications":[{"id":"{ec8030f7-c20a-464f-9b0e-13a3a9e97384}","minVersion":"47.0","maxVersion":"47.0"}],"targetPlatforms":[],"seen":true}
1468398664176	addons.xpi	DEBUG	getModTime: Recursive scan of {972ce4c6-7e08-4474-a285-3208198ce6fd}
1468398664177	DeferredSave.extensions.json	DEBUG	Save changes
1468398664177	addons.xpi	DEBUG	Updating database with changes to installed add-ons
1468398664177	addons.xpi-utils	DEBUG	Updating add-on states
1468398664178	addons.xpi-utils	DEBUG	Writing add-ons list
1468398664180	addons.xpi	DEBUG	Registering manifest for C:\Program Files (x86)\Mozilla Firefox\browser\features\e10srollout@mozilla.org.xpi
1468398664180	addons.xpi	DEBUG	Calling bootstrap method startup on e10srollout@mozilla.org version 1.0
1468398664180	addons.xpi	DEBUG	Registering manifest for C:\Program Files (x86)\Mozilla Firefox\browser\features\firefox@getpocket.com.xpi
1468398664181	addons.xpi	DEBUG	Calling bootstrap method startup on firefox@getpocket.com version 1.0.2
1468398664182	addons.xpi	DEBUG	Registering manifest for C:\Program Files (x86)\Mozilla Firefox\browser\features\loop@mozilla.org.xpi
1468398664183	addons.xpi	DEBUG	Calling bootstrap method startup on loop@mozilla.org version 1.3.2
1468398664204	addons.manager	DEBUG	Registering shutdown blocker for XPIProvider
1468398664205	addons.manager	DEBUG	Provider finished startup: XPIProvider
1468398664205	addons.manager	DEBUG	Starting provider: LightweightThemeManager
1468398664205	addons.manager	DEBUG	Registering shutdown blocker for LightweightThemeManager
1468398664205	addons.manager	DEBUG	Provider finished startup: LightweightThemeManager
1468398664206	addons.manager	DEBUG	Starting provider: GMPProvider
1468398664237	addons.manager	DEBUG	Registering shutdown blocker for GMPProvider
1468398664237	addons.manager	DEBUG	Provider finished startup: GMPProvider
1468398664237	addons.manager	DEBUG	Starting provider: PluginProvider
1468398664237	addons.manager	DEBUG	Registering shutdown blocker for PluginProvider
1468398664238	addons.manager	DEBUG	Provider finished startup: PluginProvider
1468398664238	addons.manager	DEBUG	Completed startup sequence
1468398668007	addons.manager	DEBUG	Starting provider: <unnamed-provider>
1468398668007	addons.manager	DEBUG	Registering shutdown blocker for <unnamed-provider>
1468398668008	addons.manager	DEBUG	Provider finished startup: <unnamed-provider>
1468398668010	DeferredSave.extensions.json	DEBUG	Starting write
1468398676460	addons.repository	DEBUG	No addons.json found.
1468398676461	DeferredSave.addons.json	DEBUG	Save changes
1468398678768	DeferredSave.addons.json	DEBUG	Starting timer
1468398686578	addons.manager	DEBUG	Starting provider: PreviousExperimentProvider
1468398686578	addons.manager	DEBUG	Registering shutdown blocker for PreviousExperimentProvider
1468398686578	addons.manager	DEBUG	Provider finished startup: PreviousExperimentProvider
1468398686600	DeferredSave.addons.json	DEBUG	Starting write
1468398686603	DeferredSave.extensions.json	DEBUG	Write succeeded
1468398686604	addons.xpi-utils	DEBUG	XPI Database saved, setting schema version preference to 17
1468398690899	DeferredSave.addons.json	DEBUG	Write succeeded

Build info: version: '2.47.1', revision: '411b314', time: '2015-07-30 02:56:46'
System info: host: 'AMK53S-26', ip: '192.168.4.245', os.name: 'Windows 7', os.arch: 'amd64', os.version: '6.1', java.version: '1.8.0_45'
Driver info: driver.version: FirefoxDriver
	at org.openqa.selenium.firefox.internal.NewProfileExtensionConnection.start(NewProfileExtensionConnection.java:134)
	at org.openqa.selenium.firefox.FirefoxDriver.startClient(FirefoxDriver.java:276)
	at org.openqa.selenium.remote.RemoteWebDriver.<init>(RemoteWebDriver.java:116)
	at org.openqa.selenium.firefox.FirefoxDriver.<init>(FirefoxDriver.java:223)
	at org.openqa.selenium.firefox.FirefoxDriver.<init>(FirefoxDriver.java:216)
	at org.openqa.selenium.firefox.FirefoxDriver.<init>(FirefoxDriver.java:212)
	at org.openqa.selenium.firefox.FirefoxDriver.<init>(FirefoxDriver.java:125)
	at testNG_Framework.MultiBrowser_ParallelTesting.beforeTest(MultiBrowser_ParallelTesting.java:25)
	at java.util.concurrent.FutureTask.run(FutureTask.java:266)
	at java.util.concurrent.ThreadPoolExecutor.runWorker(ThreadPoolExecutor.java:1142)
	at java.util.concurrent.ThreadPoolExecutor$Worker.run(ThreadPoolExecutor.java:617)
	at java.lang.Thread.run(Thread.java:745)
Caused by: org.openqa.selenium.firefox.NotConnectedException: Unable to connect to host 127.0.0.1 on port 7055 after 45000 ms. Firefox console output:
e6fd}","syncGUID":"gjrc5ZfmI4ja","location":"app-global","version":"47.0","type":"theme","internalName":"classic/1.0","updateURL":null,"updateKey":null,"optionsURL":null,"optionsType":null,"aboutURL":null,"icons":{"32":"icon.png","48":"icon.png"},"iconURL":null,"icon64URL":null,"defaultLocale":{"name":"Default","description":"The default theme.","creator":"Mozilla","homepageURL":null,"contributors":["Mozilla Contributors"]},"visible":true,"active":true,"userDisabled":false,"appDisabled":false,"descriptor":"C:\\Program Files (x86)\\Mozilla Firefox\\browser\\extensions\\{972ce4c6-7e08-4474-a285-3208198ce6fd}.xpi","installDate":1465532027854,"updateDate":1465532027854,"applyBackgroundUpdates":1,"skinnable":true,"size":22006,"sourceURI":null,"releaseNotesURI":null,"softDisabled":false,"foreignInstall":false,"hasBinaryComponents":false,"strictCompatibility":true,"locales":[],"targetApplications":[{"id":"{ec8030f7-c20a-464f-9b0e-13a3a9e97384}","minVersion":"47.0","maxVersion":"47.0"}],"targetPlatforms":[],"seen":true}
1468398664176	addons.xpi	DEBUG	getModTime: Recursive scan of {972ce4c6-7e08-4474-a285-3208198ce6fd}
1468398664177	DeferredSave.extensions.json	DEBUG	Save changes
1468398664177	addons.xpi	DEBUG	Updating database with changes to installed add-ons
1468398664177	addons.xpi-utils	DEBUG	Updating add-on states
1468398664178	addons.xpi-utils	DEBUG	Writing add-ons list
1468398664180	addons.xpi	DEBUG	Registering manifest for C:\Program Files (x86)\Mozilla Firefox\browser\features\e10srollout@mozilla.org.xpi
1468398664180	addons.xpi	DEBUG	Calling bootstrap method startup on e10srollout@mozilla.org version 1.0
1468398664180	addons.xpi	DEBUG	Registering manifest for C:\Program Files (x86)\Mozilla Firefox\browser\features\firefox@getpocket.com.xpi
1468398664181	addons.xpi	DEBUG	Calling bootstrap method startup on firefox@getpocket.com version 1.0.2
1468398664182	addons.xpi	DEBUG	Registering manifest for C:\Program Files (x86)\Mozilla Firefox\browser\features\loop@mozilla.org.xpi
1468398664183	addons.xpi	DEBUG	Calling bootstrap method startup on loop@mozilla.org version 1.3.2
1468398664204	addons.manager	DEBUG	Registering shutdown blocker for XPIProvider
1468398664205	addons.manager	DEBUG	Provider finished startup: XPIProvider
1468398664205	addons.manager	DEBUG	Starting provider: LightweightThemeManager
1468398664205	addons.manager	DEBUG	Registering shutdown blocker for LightweightThemeManager
1468398664205	addons.manager	DEBUG	Provider finished startup: LightweightThemeManager
1468398664206	addons.manager	DEBUG	Starting provider: GMPProvider
1468398664237	addons.manager	DEBUG	Registering shutdown blocker for GMPProvider
1468398664237	addons.manager	DEBUG	Provider finished startup: GMPProvider
1468398664237	addons.manager	DEBUG	Starting provider: PluginProvider
1468398664237	addons.manager	DEBUG	Registering shutdown blocker for PluginProvider
1468398664238	addons.manager	DEBUG	Provider finished startup: PluginProvider
1468398664238	addons.manager	DEBUG	Completed startup sequence
1468398668007	addons.manager	DEBUG	Starting provider: <unnamed-provider>
1468398668007	addons.manager	DEBUG	Registering shutdown blocker for <unnamed-provider>
1468398668008	addons.manager	DEBUG	Provider finished startup: <unnamed-provider>
1468398668010	DeferredSave.extensions.json	DEBUG	Starting write
1468398676460	addons.repository	DEBUG	No addons.json found.
1468398676461	DeferredSave.addons.json	DEBUG	Save changes
1468398678768	DeferredSave.addons.json	DEBUG	Starting timer
1468398686578	addons.manager	DEBUG	Starting provider: PreviousExperimentProvider
1468398686578	addons.manager	DEBUG	Registering shutdown blocker for PreviousExperimentProvider
1468398686578	addons.manager	DEBUG	Provider finished startup: PreviousExperimentProvider
1468398686600	DeferredSave.addons.json	DEBUG	Starting write
1468398686603	DeferredSave.extensions.json	DEBUG	Write succeeded
1468398686604	addons.xpi-utils	DEBUG	XPI Database saved, setting schema version preference to 17
1468398690899	DeferredSave.addons.json	DEBUG	Write succeeded

	at org.openqa.selenium.firefox.internal.NewProfileExtensionConnection.start(NewProfileExtensionConnection.java:122)
	... 29 more
... Removed 18 stack frames]]>
    </failure>
  </testcase> <!-- @BeforeMethod beforeTest -->
  <testcase name="@AfterMethod afterTest" time="0.0" classname="testNG_Framework.MultiBrowser_ParallelTesting">
    <skipped/>
  </testcase> <!-- @AfterMethod afterTest -->
  <testcase name="Test" time="0.001" classname="testNG_Framework.MultiBrowser_ParallelTesting">
    <skipped/>
  </testcase> <!-- Test -->
</testsuite> <!-- FirefoxTest -->
